<?xml version="1.0" encoding="UTF-8"?>
<testsuite xmlns:xsi="http://www.w3.org/2001/XMLSchema-instance" xsi:noNamespaceSchemaLocation="https://maven.apache.org/surefire/maven-surefire-plugin/xsd/surefire-test-report-3.0.xsd" version="3.0" name="Opencart Login function" time="17.076" tests="3" errors="1" skipped="0" failures="1">
  <properties>
[...]
</properties>
  <testcase name="Valid Login #1" classname="Opencart Login function" time="10.448">
    <system-out><![CDATA[┌──────────────────────────────────────────────────────────────────────────┐
│ View your Cucumber Report at:                                            │
│ https://reports.cucumber.io/reports/d7ad8a39-f949-41ac-a64e-1e2704fad7f5 │
│                                                                          │
│ This report will self-destruct in 24h.                                   │
│ Keep reports forever: https://reports.cucumber.io/profile                │
└──────────────────────────────────────────────────────────────────────────┘

Scenario Outline: Valid Login                                    # src/test/resources/features/OpencartLogin.feature:23
  When User is on opencart home page                             # stepDefs.OpencartStepDef.user_is_on_opencart_home_page()
  And User navigates to login page                               # stepDefs.OpencartStepDef.user_navigates_to_login_page()
  Given User login with "trainer1@rjpinfotek.com" and "testuser" # stepDefs.OpencartStepDef.user_login_with_and(java.lang.String,java.lang.String)
  Then User navigate to My Account page                          # stepDefs.OpencartStepDef.user_navigate_to_my_account_page()
]]></system-out>
    <system-err><![CDATA[Starting ChromeDriver 98.0.4758.102 (273bf7ac8c909cde36982d27f66f3c70846a3718-refs/branch-heads/4758@{#1151}) on port 50407
Only local connections are allowed.
Please see https://chromedriver.chromium.org/security-considerations for suggestions on keeping ChromeDriver safe.
ChromeDriver was started successfully.
Mar 08, 2022 11:24:20 AM org.openqa.selenium.remote.ProtocolHandshake createSession
INFO: Detected dialect: W3C
Mar 08, 2022 11:24:20 AM org.openqa.selenium.devtools.CdpVersionFinder findNearestMatch
WARNING: Unable to find an exact match for CDP version 98, so returning the closest version found: 97
Mar 08, 2022 11:24:20 AM org.openqa.selenium.devtools.CdpVersionFinder findNearestMatch
INFO: Found CDP implementation for version 98 of 97
]]></system-err>
  </testcase>
  <testcase name="Valid Login #2" classname="Opencart Login function" time="6.627">
    <failure message="expected:&lt;[My Account]&gt; but was:&lt;[Account Login]&gt;" type="org.junit.ComparisonFailure"><![CDATA[org.junit.ComparisonFailure: expected:<[My Account]> but was:<[Account Login]>
]]></failure>
    <system-out><![CDATA[
Scenario Outline: Valid Login                                  # src/test/resources/features/OpencartLogin.feature:24
  When User is on opencart home page                           # stepDefs.OpencartStepDef.user_is_on_opencart_home_page()
  And User navigates to login page                             # stepDefs.OpencartStepDef.user_navigates_to_login_page()
  Given User login with "trainer12@gmail.com" and "testuser12" # stepDefs.OpencartStepDef.user_login_with_and(java.lang.String,java.lang.String)
  Then User navigate to My Account page                        # stepDefs.OpencartStepDef.user_navigate_to_my_account_page()
      org.junit.ComparisonFailure: expected:<[My Account]> but was:<[Account Login]>
	at org.junit.Assert.assertEquals(Assert.java:117)
	at org.junit.Assert.assertEquals(Assert.java:146)
	at stepDefs.OpencartStepDef.user_navigate_to_my_account_page(OpencartStepDef.java:51)
	at âœ½.User navigate to My Account page(file:///F:/Anandhi/workspace/seleniumWorkspace/02Jun21WS/BDDSamplesB21/src/test/resources/features/OpencartLogin.feature:19)

      java.lang.NullPointerException
	at stepDefs.GoogleSearchStepDef.generateScreenshot(GoogleSearchStepDef.java:62)

]]></system-out>
    <system-err><![CDATA[Starting ChromeDriver 98.0.4758.102 (273bf7ac8c909cde36982d27f66f3c70846a3718-refs/branch-heads/4758@{#1151}) on port 59223
Only local connections are allowed.
Please see https://chromedriver.chromium.org/security-considerations for suggestions on keeping ChromeDriver safe.
ChromeDriver was started successfully.
Mar 08, 2022 11:24:29 AM org.openqa.selenium.remote.ProtocolHandshake createSession
INFO: Detected dialect: W3C
Mar 08, 2022 11:24:29 AM org.openqa.selenium.devtools.CdpVersionFinder findNearestMatch
WARNING: Unable to find an exact match for CDP version 98, so returning the closest version found: 97
Mar 08, 2022 11:24:29 AM org.openqa.selenium.devtools.CdpVersionFinder findNearestMatch
INFO: Found CDP implementation for version 98 of 97
]]></system-err>
  </testcase>
  <testcase name="Valid Login #2" classname="Opencart Login function" time="0">
    <error type="java.lang.NullPointerException"><![CDATA[java.lang.NullPointerException
]]></error>
  </testcase>
</testsuite>